<?xml version="1.0" encoding="UTF-8"?>
<!-- Generated by org.testng.reporters.JUnitReportReporter -->
<testsuite skipped="0" hostname="sdatta" name="tc1" tests="1" failures="0" timestamp="27 Jun 2019 16:50:58 GMT" time="18.086" errors="0">
  <testcase name="f" time="18.086" classname="tc1"/>
</testsuite> <!-- tc1 -->
