<?xml version="1.0" encoding="UTF-8"?>
<!-- Generated by org.testng.reporters.JUnitReportReporter -->
<testsuite skipped="0" hostname="sdatta" name="tc2" tests="1" failures="0" timestamp="27 Jun 2019 16:50:58 GMT" time="12.062" errors="0">
  <testcase name="f" time="12.062" classname="tc2"/>
</testsuite> <!-- tc2 -->
